<?xml version="1.0" encoding="UTF-8"?>
<!-- Generated by org.testng.reporters.JUnitXMLReporter -->
<testsuite ignored="0" hostname="DELL3520I7" failures="0" tests="3" name="Default test" time="11.603" errors="0" timestamp="2023-10-24T12:43:02 EET">
  <testcase classname="suaglab_package.myclass" name="LoginWithPerformanceUser" time="3.387"/>
  <testcase classname="suaglab_package.myclass" name="LoginWithProblemUser" time="3.228"/>
  <testcase classname="suaglab_package.myclass" name="LoginWithStandardUSer" time="3.288"/>
</testsuite> <!-- Default test -->
