<?xml version="1.0" encoding="UTF-8"?>
<testng-results ignored="0" total="3" passed="3" failed="0" skipped="0">
  <reporter-output>
  </reporter-output>
  <suite started-at="2023-10-24T12:42:50 EET" name="Default suite" finished-at="2023-10-24T12:43:02 EET" duration-ms="11603">
    <groups>
    </groups>
    <test started-at="2023-10-24T12:42:50 EET" name="Default test" finished-at="2023-10-24T12:43:02 EET" duration-ms="11603">
      <class name="suaglab_package.myclass">
        <test-method is-config="true" signature="mySetup()[pri:0, instance:suaglab_package.myclass@3829ac1]" started-at="2023-10-24T12:42:50 EET" name="mySetup" finished-at="2023-10-24T12:42:51 EET" duration-ms="1366" status="PASS">
          <reporter-output>
          </reporter-output>
        </test-method> <!-- mySetup -->
        <test-method signature="LoginWithPerformanceUser()[pri:0, instance:suaglab_package.myclass@3829ac1]" started-at="2023-10-24T12:42:51 EET" name="LoginWithPerformanceUser" finished-at="2023-10-24T12:42:55 EET" duration-ms="3387" status="PASS">
          <reporter-output>
          </reporter-output>
        </test-method> <!-- LoginWithPerformanceUser -->
        <test-method is-config="true" signature="mySetup()[pri:0, instance:suaglab_package.myclass@3829ac1]" started-at="2023-10-24T12:42:55 EET" name="mySetup" finished-at="2023-10-24T12:42:55 EET" duration-ms="132" status="PASS">
          <reporter-output>
          </reporter-output>
        </test-method> <!-- mySetup -->
        <test-method signature="LoginWithProblemUser()[pri:0, instance:suaglab_package.myclass@3829ac1]" started-at="2023-10-24T12:42:55 EET" name="LoginWithProblemUser" finished-at="2023-10-24T12:42:58 EET" duration-ms="3228" status="PASS">
          <reporter-output>
          </reporter-output>
        </test-method> <!-- LoginWithProblemUser -->
        <test-method is-config="true" signature="mySetup()[pri:0, instance:suaglab_package.myclass@3829ac1]" started-at="2023-10-24T12:42:58 EET" name="mySetup" finished-at="2023-10-24T12:42:58 EET" duration-ms="102" status="PASS">
          <reporter-output>
          </reporter-output>
        </test-method> <!-- mySetup -->
        <test-method signature="LoginWithStandardUSer()[pri:0, instance:suaglab_package.myclass@3829ac1]" started-at="2023-10-24T12:42:58 EET" name="LoginWithStandardUSer" finished-at="2023-10-24T12:43:02 EET" duration-ms="3288" status="PASS">
          <reporter-output>
          </reporter-output>
        </test-method> <!-- LoginWithStandardUSer -->
        <test-method is-config="true" signature="myPostTesting()[pri:0, instance:suaglab_package.myclass@3829ac1]" started-at="2023-10-24T12:43:02 EET" name="myPostTesting" finished-at="2023-10-24T12:43:02 EET" duration-ms="1" status="PASS">
          <reporter-output>
          </reporter-output>
        </test-method> <!-- myPostTesting -->
      </class> <!-- suaglab_package.myclass -->
    </test> <!-- Default test -->
  </suite> <!-- Default suite -->
</testng-results>
